Running: D:\Xilinx\14.4\ISE_DS\ISE\bin\nt64\unwrapped\fuse.exe -intstyle ise -incremental -lib secureip -o D:/Xilinx/Assignments/fft/main_tb_isim_beh.exe -prj D:/Xilinx/Assignments/fft/main_tb_beh.prj work.main_tb 
ISim P.49d (signature 0x7708f090)
Number of CPUs detected in this system: 4
Turning on mult-threading, number of parallel sub-compilation jobs: 8 
Determining compilation order of HDL files
Parsing VHDL file "D:/Xilinx/Assignments/fft/fft_main.vhd" into library work
Parsing VHDL file "D:/Xilinx/Assignments/fft/Main_fft_entity.vhd" into library work
Parsing VHDL file "D:/Xilinx/Assignments/fft/main_tb.vhd" into library work
Starting static elaboration
Completed static elaboration
Compiling package standard
Compiling package std_logic_1164
Compiling package std_logic_arith
Compiling package std_logic_signed
Compiling package numeric_std
Compiling architecture behavioral of entity fft_main [fft_main_default]
Compiling architecture behavioral of entity Main_fft_entity [main_fft_entity_default]
Compiling architecture behavior of entity main_tb
Time Resolution for simulation is 1ps.
Waiting for 1 sub-compilation(s) to finish...
Compiled 10 VHDL Units
Built simulation executable D:/Xilinx/Assignments/fft/main_tb_isim_beh.exe
Fuse Memory Usage: 36732 KB
Fuse CPU Usage: 717 ms
