Release 14.4 - xst P.49d (nt64)
Copyright (c) 1995-2012 Xilinx, Inc.  All rights reserved.
--> Parameter TMPDIR set to xst/projnav.tmp


Total REAL time to Xst completion: 0.00 secs
Total CPU time to Xst completion: 0.10 secs
 
--> Parameter xsthdpdir set to xst


Total REAL time to Xst completion: 0.00 secs
Total CPU time to Xst completion: 0.11 secs
 
--> Reading design: Main_fft_entity.prj

TABLE OF CONTENTS
  1) Synthesis Options Summary
  2) HDL Parsing
  3) HDL Elaboration
  4) HDL Synthesis
       4.1) HDL Synthesis Report
  5) Advanced HDL Synthesis
       5.1) Advanced HDL Synthesis Report
  6) Low Level Synthesis
  7) Partition Report
  8) Design Summary
       8.1) Primitive and Black Box Usage
       8.2) Device utilization summary
       8.3) Partition Resource Summary
       8.4) Timing Report
            8.4.1) Clock Information
            8.4.2) Asynchronous Control Signals Information
            8.4.3) Timing Summary
            8.4.4) Timing Details
            8.4.5) Cross Clock Domains Report


=========================================================================
*                      Synthesis Options Summary                        *
=========================================================================
---- Source Parameters
Input File Name                    : "Main_fft_entity.prj"
Ignore Synthesis Constraint File   : NO

---- Target Parameters
Output File Name                   : "Main_fft_entity"
Output Format                      : NGC
Target Device                      : xc6slx45-3-csg324

---- Source Options
Top Module Name                    : Main_fft_entity
Automatic FSM Extraction           : YES
FSM Encoding Algorithm             : Auto
Safe Implementation                : No
FSM Style                          : LUT
RAM Extraction                     : Yes
RAM Style                          : Auto
ROM Extraction                     : Yes
Shift Register Extraction          : YES
ROM Style                          : Auto
Resource Sharing                   : YES
Asynchronous To Synchronous        : NO
Shift Register Minimum Size        : 2
Use DSP Block                      : Auto
Automatic Register Balancing       : No

---- Target Options
LUT Combining                      : Auto
Reduce Control Sets                : Auto
Add IO Buffers                     : YES
Global Maximum Fanout              : 100000
Add Generic Clock Buffer(BUFG)     : 16
Register Duplication               : YES
Optimize Instantiated Primitives   : NO
Use Clock Enable                   : Auto
Use Synchronous Set                : Auto
Use Synchronous Reset              : Auto
Pack IO Registers into IOBs        : Auto
Equivalent register Removal        : YES

---- General Options
Optimization Goal                  : Speed
Optimization Effort                : 1
Power Reduction                    : NO
Keep Hierarchy                     : No
Netlist Hierarchy                  : As_Optimized
RTL Output                         : Yes
Global Optimization                : AllClockNets
Read Cores                         : YES
Write Timing Constraints           : NO
Cross Clock Analysis               : NO
Hierarchy Separator                : /
Bus Delimiter                      : <>
Case Specifier                     : Maintain
Slice Utilization Ratio            : 100
BRAM Utilization Ratio             : 100
DSP48 Utilization Ratio            : 100
Auto BRAM Packing                  : NO
Slice Utilization Ratio Delta      : 5

=========================================================================


=========================================================================
*                          HDL Parsing                                  *
=========================================================================
Parsing VHDL file "D:\Xilinx\Assignments\fft\fft_main.vhd" into library work
Parsing entity <fft_main>.
Parsing architecture <Behavioral> of entity <fft_main>.
Parsing VHDL file "D:\Xilinx\Assignments\fft\Main_fft_entity.vhd" into library work
Parsing entity <Main_fft_entity>.
Parsing architecture <Behavioral> of entity <main_fft_entity>.

=========================================================================
*                            HDL Elaboration                            *
=========================================================================

Elaborating entity <Main_fft_entity> (architecture <Behavioral>) from library <work>.

Elaborating entity <fft_main> (architecture <Behavioral>) from library <work>.

=========================================================================
*                           HDL Synthesis                               *
=========================================================================

Synthesizing Unit <Main_fft_entity>.
    Related source file is "D:\Xilinx\Assignments\fft\Main_fft_entity.vhd".
INFO:Xst:3210 - "D:\Xilinx\Assignments\fft\Main_fft_entity.vhd" line 117: Output port <harmonic2i> of the instance <fft> is unconnected or connected to loadless signal.
    Found 5-bit register for signal <n_state>.
    Found 8-bit register for signal <sample0>.
    Found 8-bit register for signal <outseq>.
    Found 8-bit register for signal <sample1>.
    Found 8-bit register for signal <sample2>.
    Found 8-bit register for signal <sample3>.
    Found 8-bit register for signal <sample4>.
    Found 8-bit register for signal <sample5>.
    Found 8-bit register for signal <sample6>.
    Found 8-bit register for signal <sample7>.
    Found 11-bit register for signal <counter_fft>.
    Found 1-bit register for signal <in_deb>.
    Found 2-bit register for signal <d_state>.
    Found 25-bit register for signal <counter>.
    Found 5-bit register for signal <p_state>.
    Found finite state machine <FSM_0> for signal <d_state>.
    -----------------------------------------------------------------------
    | States             | 3                                              |
    | Transitions        | 6                                              |
    | Inputs             | 2                                              |
    | Outputs            | 3                                              |
    | Clock              | clk (rising_edge)                              |
    | Power Up State     | d0                                             |
    | Encoding           | auto                                           |
    | Implementation     | LUT                                            |
    -----------------------------------------------------------------------
    Found 11-bit adder for signal <counter_fft[10]_GND_6_o_add_3_OUT> created at line 176.
    Found 25-bit adder for signal <counter[24]_GND_6_o_add_31_OUT> created at line 258.
    Summary:
	inferred   2 Adder/Subtractor(s).
	inferred 119 D-type flip-flop(s).
	inferred   2 Multiplexer(s).
	inferred   1 Finite State Machine(s).
Unit <Main_fft_entity> synthesized.

Synthesizing Unit <fft_main>.
    Related source file is "D:\Xilinx\Assignments\fft\fft_main.vhd".
    Summary:
	no macro.
Unit <fft_main> synthesized.

=========================================================================
HDL Synthesis Report

Macro Statistics
# Adders/Subtractors                                   : 2
 11-bit adder                                          : 1
 25-bit adder                                          : 1
# Registers                                            : 14
 1-bit register                                        : 1
 11-bit register                                       : 1
 25-bit register                                       : 1
 5-bit register                                        : 2
 8-bit register                                        : 9
# Multiplexers                                         : 2
 11-bit 2-to-1 multiplexer                             : 1
 25-bit 2-to-1 multiplexer                             : 1
# FSMs                                                 : 1

=========================================================================

=========================================================================
*                       Advanced HDL Synthesis                          *
=========================================================================


Synthesizing (advanced) Unit <Main_fft_entity>.
The following registers are absorbed into counter <counter_fft>: 1 register on signal <counter_fft>.
The following registers are absorbed into counter <counter>: 1 register on signal <counter>.
Unit <Main_fft_entity> synthesized (advanced).

=========================================================================
Advanced HDL Synthesis Report

Macro Statistics
# Counters                                             : 2
 11-bit up counter                                     : 1
 25-bit up counter                                     : 1
# Registers                                            : 83
 Flip-Flops                                            : 83
# FSMs                                                 : 1

=========================================================================

=========================================================================
*                         Low Level Synthesis                           *
=========================================================================
Analyzing FSM <MFsm> for best encoding.
Optimizing FSM <FSM_0> on signal <d_state[1:2]> with user encoding.
-------------------
 State | Encoding
-------------------
 d0    | 00
 d1    | 01
 d2    | 10
-------------------

Optimizing unit <Main_fft_entity> ...
WARNING:Xst:1710 - FF/Latch <counter_fft_7> (without init value) has a constant value of 0 in block <Main_fft_entity>. This FF/Latch will be trimmed during the optimization process.
WARNING:Xst:1895 - Due to other FF/Latch trimming, FF/Latch <counter_fft_8> (without init value) has a constant value of 0 in block <Main_fft_entity>. This FF/Latch will be trimmed during the optimization process.
WARNING:Xst:1895 - Due to other FF/Latch trimming, FF/Latch <counter_fft_9> (without init value) has a constant value of 0 in block <Main_fft_entity>. This FF/Latch will be trimmed during the optimization process.
WARNING:Xst:1895 - Due to other FF/Latch trimming, FF/Latch <counter_fft_10> (without init value) has a constant value of 0 in block <Main_fft_entity>. This FF/Latch will be trimmed during the optimization process.
INFO:Xst:2261 - The FF/Latch <in_deb> in Unit <Main_fft_entity> is equivalent to the following FF/Latch, which will be removed : <d_state_FSM_FFd2> 

Mapping all equations...
Building and optimizing final netlist ...
Found area constraint ratio of 100 (+ 5) on block Main_fft_entity, actual ratio is 0.
FlipFlop p_state_3 has been replicated 1 time(s)

Final Macro Processing ...

=========================================================================
Final Register Report

Macro Statistics
# Registers                                            : 117
 Flip-Flops                                            : 117

=========================================================================

=========================================================================
*                           Partition Report                            *
=========================================================================

Partition Implementation Status
-------------------------------

  No Partitions were found in this design.

-------------------------------

=========================================================================
*                            Design Summary                             *
=========================================================================

Top Level Output File Name         : Main_fft_entity.ngc

Primitive and Black Box Usage:
------------------------------
# BELS                             : 167
#      GND                         : 1
#      LUT2                        : 34
#      LUT3                        : 4
#      LUT4                        : 7
#      LUT5                        : 24
#      LUT6                        : 33
#      MUXCY                       : 30
#      MUXF7                       : 2
#      XORCY                       : 32
# FlipFlops/Latches                : 117
#      FD                          : 16
#      FDE                         : 101
# Clock Buffers                    : 1
#      BUFGP                       : 1
# IO Buffers                       : 17
#      IBUF                        : 9
#      OBUF                        : 8

Device utilization summary:
---------------------------

Selected Device : 6slx45csg324-3 


Slice Logic Utilization: 
 Number of Slice Registers:             117  out of  54576     0%  
 Number of Slice LUTs:                  102  out of  27288     0%  
    Number used as Logic:               102  out of  27288     0%  

Slice Logic Distribution: 
 Number of LUT Flip Flop pairs used:    167
   Number with an unused Flip Flop:      50  out of    167    29%  
   Number with an unused LUT:            65  out of    167    38%  
   Number of fully used LUT-FF pairs:    52  out of    167    31%  
   Number of unique control sets:        12

IO Utilization: 
 Number of IOs:                          18
 Number of bonded IOBs:                  18  out of    218     8%  

Specific Feature Utilization:
 Number of BUFG/BUFGCTRLs:                1  out of     16     6%  

---------------------------
Partition Resource Summary:
---------------------------

  No Partitions were found in this design.

---------------------------


=========================================================================
Timing Report

NOTE: THESE TIMING NUMBERS ARE ONLY A SYNTHESIS ESTIMATE.
      FOR ACCURATE TIMING INFORMATION PLEASE REFER TO THE TRACE REPORT
      GENERATED AFTER PLACE-and-ROUTE.

Clock Information:
------------------
-----------------------------------+------------------------+-------+
Clock Signal                       | Clock buffer(FF name)  | Load  |
-----------------------------------+------------------------+-------+
clk                                | BUFGP                  | 117   |
-----------------------------------+------------------------+-------+

Asynchronous Control Signals Information:
----------------------------------------
No asynchronous control signals found in this design

Timing Summary:
---------------
Speed Grade: -3

   Minimum period: 5.114ns (Maximum Frequency: 195.540MHz)
   Minimum input arrival time before clock: 3.033ns
   Maximum output required time after clock: 3.597ns
   Maximum combinational path delay: No path found

Timing Details:
---------------
All values displayed in nanoseconds (ns)

=========================================================================
Timing constraint: Default period analysis for Clock 'clk'
  Clock period: 5.114ns (frequency: 195.540MHz)
  Total number of paths / destination ports: 2107 / 154
-------------------------------------------------------------------------
Delay:               5.114ns (Levels of Logic = 3)
  Source:            counter_13 (FF)
  Destination:       counter_0 (FF)
  Source Clock:      clk rising
  Destination Clock: clk rising

  Data Path: counter_13 to counter_0
                                Gate     Net
    Cell:in->out      fanout   Delay   Delay  Logical Name (Net Name)
    ----------------------------------------  ------------
     FDE:C->Q              2   0.447   0.981  counter_13 (counter_13)
     LUT6:I0->O            2   0.203   0.981  counter[24]_PWR_6_o_equal_30_o<24>3 (counter[24]_PWR_6_o_equal_30_o<24>2)
     LUT6:I0->O            1   0.203   0.580  _n0289_inv1_G (N25)
     LUT3:I2->O           25   0.205   1.192  _n0289_inv11 (_n0289_inv)
     FDE:CE                    0.322          counter_0
    ----------------------------------------
    Total                      5.114ns (1.380ns logic, 3.734ns route)
                                       (27.0% logic, 73.0% route)

=========================================================================
Timing constraint: Default OFFSET IN BEFORE for Clock 'clk'
  Total number of paths / destination ports: 66 / 66
-------------------------------------------------------------------------
Offset:              3.033ns (Levels of Logic = 3)
  Source:            in_tick (PAD)
  Destination:       d_state_FSM_FFd1 (FF)
  Destination Clock: clk rising

  Data Path: in_tick to d_state_FSM_FFd1
                                Gate     Net
    Cell:in->out      fanout   Delay   Delay  Logical Name (Net Name)
    ----------------------------------------  ------------
     IBUF:I->O             2   1.222   0.721  in_tick_IBUF (in_tick_IBUF)
     LUT5:I3->O            1   0.203   0.580  counter[24]_PWR_6_o_equal_30_o<24>5_SW3 (N15)
     LUT6:I5->O            1   0.205   0.000  d_state_FSM_FFd1-In1 (d_state_FSM_FFd1-In)
     FD:D                      0.102          d_state_FSM_FFd1
    ----------------------------------------
    Total                      3.033ns (1.732ns logic, 1.301ns route)
                                       (57.1% logic, 42.9% route)

=========================================================================
Timing constraint: Default OFFSET OUT AFTER for Clock 'clk'
  Total number of paths / destination ports: 8 / 8
-------------------------------------------------------------------------
Offset:              3.597ns (Levels of Logic = 1)
  Source:            outseq_7 (FF)
  Destination:       outseq<7> (PAD)
  Source Clock:      clk rising

  Data Path: outseq_7 to outseq<7>
                                Gate     Net
    Cell:in->out      fanout   Delay   Delay  Logical Name (Net Name)
    ----------------------------------------  ------------
     FD:C->Q               1   0.447   0.579  outseq_7 (outseq_7)
     OBUF:I->O                 2.571          outseq_7_OBUF (outseq<7>)
    ----------------------------------------
    Total                      3.597ns (3.018ns logic, 0.579ns route)
                                       (83.9% logic, 16.1% route)

=========================================================================

Cross Clock Domains Report:
--------------------------

Clock to Setup on destination clock clk
---------------+---------+---------+---------+---------+
               | Src:Rise| Src:Fall| Src:Rise| Src:Fall|
Source Clock   |Dest:Rise|Dest:Rise|Dest:Fall|Dest:Fall|
---------------+---------+---------+---------+---------+
clk            |    5.114|         |         |         |
---------------+---------+---------+---------+---------+

=========================================================================


Total REAL time to Xst completion: 9.00 secs
Total CPU time to Xst completion: 8.53 secs
 
--> 

Total memory usage is 260264 kilobytes

Number of errors   :    0 (   0 filtered)
Number of warnings :    4 (   0 filtered)
Number of infos    :    2 (   0 filtered)

